WARNING: A restricted method in java.lang.System has been called
WARNING: java.lang.System::load has been called by org.fusesource.jansi.internal.JansiLoader in an unnamed module (file:/C:/Users/terxi/maestro/maestro/lib/jansi-2.4.1.jar)
WARNING: Use --enable-native-access=ALL-UNNAMED to avoid a warning for callers in this module
WARNING: Restricted methods will be blocked in a future release unless native access is enabled

WARNING: A terminally deprecated method in sun.misc.Unsafe has been called
WARNING: sun.misc.Unsafe::objectFieldOffset has been called by io.netty.util.internal.PlatformDependent0$4 (file:/C:/Users/terxi/maestro/maestro/lib/netty-common-4.1.97.Final.jar)
WARNING: Please consider reporting this to the maintainers of class io.netty.util.internal.PlatformDependent0$4
WARNING: sun.misc.Unsafe::objectFieldOffset will be removed in a future release
Running on RFCT118FBVK
 > Flow 06_education_select
Run ../states/at_education.yaml...
  Run ./at_prompt.yaml...
    Run ./at_photos_completed.yaml...
      Run ./at_photos.yaml...
        Run ./at_gender_preference.yaml...
          Run ./at_gender.yaml...
            Run ./at_birthday_or_relationship.yaml...
              Assert that id: com.coffeemeetsbagel:id/landing__sign_up is visible... COMPLETED
              Tap on id: com.coffeemeetsbagel:id/landing__sign_up... COMPLETED
              Assert that id: com.coffeemeetsbagel:id/location_title is visible... COMPLETED
              Tap on id: com.coffeemeetsbagel:id/onboarding__next... COMPLETED
              Assert that (Optional) id: com.android.permissioncontroller:id/permission_message is visible...              Run flow when id: com.android.permissioncontroller:id/permission_message is visible...
              Run flow when id: com.android.permissioncontroller:id/permission_message is visible...
                Tap on id: com.android.permissioncontroller:id/permission_allow_foreground_only_button...              Run flow when id: com.android.permissioncontroller:id/permission_message is visible... RUNNING
              Run flow when id: com.android.permissioncontroller:id/permission_message is visible... RUNNING
              Run ${output.abortFlow = false}... COMPLETED
              Assert that (Optional) id: com.coffeemeetsbagel:id/phone_number_input_country_picker is visible...              Run flow when id: com.coffeemeetsbagel:id/phone_number_input_country_picker is not visible...
              Run flow when id: com.coffeemeetsbagel:id/phone_number_input_country_picker is not visible...
                Run ${output.note = "KNOWN_BUG_LOCATION_ERROR - phone screen not reached after 20s. Exiting early."}... COMPLETED
                Take screenshot KNOWN_BUG_LOCATION_ERROR... COMPLETED
                Assert that (Optional) id: com.coffeemeetsbagel:id/dialog_stacked_buttons_title is visible...                Run flow when id: com.coffeemeetsbagel:id/dialog_stacked_buttons_title is visible...
                Run flow when id: com.coffeemeetsbagel:id/dialog_stacked_buttons_title is visible...
                  Tap on "Ok"...                Run flow when id: com.coffeemeetsbagel:id/dialog_stacked_buttons_title is visible... RUNNING
                Run flow when id: com.coffeemeetsbagel:id/dialog_stacked_buttons_title is visible... RUNNING
                Assert that "THIS_TEXT_SHOULD_NEVER_EXIST_KNOWN_LOCATION_BUG" is visible...              Run flow when id: com.coffeemeetsbagel:id/phone_number_input_country_picker is not visible... RUNNING
              Run flow when ${!output.abortFlow} is true...
              Run flow when ${!output.abortFlow} is true...

Assertion is false: "THIS_TEXT_SHOULD_NEVER_EXIST_KNOWN_LOCATION_BUG" is visible

Assertion '"THIS_TEXT_SHOULD_NEVER_EXIST_KNOWN_LOCATION_BUG" is visible' failed. Check the UI hierarchy in debug artifacts to verify the element state and properties.

Possible causes:
- Element selector may be incorrect - check if there are similar elements with slightly different names/properties.
- Element may be temporarily unavailable due to loading state
- This could be a real regression that needs to be addressed

==== Debug output (logs & screenshots) ====

C:\Users\terxi\maestro-tests\.\reports\artifacts\2026-03-14_12-43-05_36cbf766\06_education_select\.maestro\tests\2026-03-14_124312
